<?xml version="1.0" encoding="UTF-8"?>
<!-- Generated by org.testng.reporters.JUnitReportReporter -->
<testsuite hostname="Client-Pc" failures="0" tests="1" name="com.sdet.TestLogin" time="14.150" errors="0" timestamp="2022-05-29T15:13:50 IST" skipped="0">
  <testcase classname="com.sdet.TestLogin" name="OrangeHRMLogin" time="14.150"/>
  <system-out/>
</testsuite> <!-- com.sdet.TestLogin -->
