<?xml version="1.0" encoding="UTF-8"?>
<!-- Generated by org.testng.reporters.JUnitReportReporter -->
<testsuite hostname="Client-Pc" failures="0" tests="2" name="com.sdet.NewAppTest" time="0.017" errors="0" timestamp="2022-05-29T15:13:50 IST" skipped="0">
  <testcase classname="com.sdet.NewAppTest" name="testNegativeCase" time="0.011"/>
  <system-out/>
  <testcase classname="com.sdet.NewAppTest" name="testPositiveCase" time="0.006"/>
  <system-out/>
</testsuite> <!-- com.sdet.NewAppTest -->
