<?xml version="1.0" encoding="UTF-8"?>
<!-- Generated by org.testng.reporters.JUnitReportReporter -->
<testsuite hostname="Client-Pc" failures="0" tests="1" name="com.sdet.Test2" time="0.001" errors="0" timestamp="2022-05-29T16:24:49 IST" skipped="0">
  <testcase classname="com.sdet.Test2" name="test3" time="0.001"/>
  <system-out/>
</testsuite> <!-- com.sdet.Test2 -->
